# JRE version: Java(TM) SE Runtime Environment (8.0_211-b12) (build 1.8.0_211-b12)
# Java VM: Java HotSpot(TM) 64-Bit Server VM (25.211-b12 mixed mode windows-amd64 compressed oops)
Heap:
 PSYoungGen      total 278528K, used 168846K [0x00000000e0000000, 0x00000000f7380000, 0x0000000100000000)
  eden space 253952K, 56% used [0x00000000e0000000,0x00000000e8ceba98,0x00000000ef800000)
  from space 24576K, 99% used [0x00000000f3500000,0x00000000f4cf8020,0x00000000f4d00000)
  to   space 62464K, 0% used [0x00000000ef800000,0x00000000ef800000,0x00000000f3500000)
 ParOldGen       total 256512K, used 136887K [0x00000000a0000000, 0x00000000afa80000, 0x00000000e0000000)
  object space 256512K, 53% used [0x00000000a0000000,0x00000000a85ade88,0x00000000afa80000)
 Metaspace       used 103196K, capacity 110812K, committed 111104K, reserved 1144832K
  class space    used 13330K, capacity 14778K, committed 14848K, reserved 1048576K
GC Heap History (10 events):
Event: 7342.971 GC heap before
{Heap before GC invocations=43 (full 5):
 PSYoungGen      total 287744K, used 287328K [0x00000000e0000000, 0x00000000f5780000, 0x0000000100000000)
  eden space 281088K, 100% used [0x00000000e0000000,0x00000000f1280000,0x00000000f1280000)
  from space 6656K, 93% used [0x00000000f1b80000,0x00000000f21981f0,0x00000000f2200000)
  to   space 35328K, 0% used [0x00000000f3500000,0x00000000f3500000,0x00000000f5780000)
 ParOldGen       total 256512K, used 81668K [0x00000000a0000000, 0x00000000afa80000, 0x00000000e0000000)
  object space 256512K, 31% used [0x00000000a0000000,0x00000000a4fc1330,0x00000000afa80000)
 Metaspace       used 102414K, capacity 109792K, committed 109952K, reserved 1144832K
  class space    used 13273K, capacity 14686K, committed 14720K, reserved 1048576K
Event: 7342.994 GC heap after
Heap after GC invocations=43 (full 5):
 PSYoungGen      total 296960K, used 11552K [0x00000000e0000000, 0x00000000f4d00000, 0x0000000100000000)
  eden space 272384K, 0% used [0x00000000e0000000,0x00000000e0000000,0x00000000f0a00000)
  from space 24576K, 47% used [0x00000000f3500000,0x00000000f4048158,0x00000000f4d00000)
  to   space 34304K, 0% used [0x00000000f0a00000,0x00000000f0a00000,0x00000000f2b80000)
 ParOldGen       total 256512K, used 81756K [0x00000000a0000000, 0x00000000afa80000, 0x00000000e0000000)
  object space 256512K, 31% used [0x00000000a0000000,0x00000000a4fd7330,0x00000000afa80000)
 Metaspace       used 102414K, capacity 109792K, committed 109952K, reserved 1144832K
  class space    used 13273K, capacity 14686K, committed 14720K, reserved 1048576K
}
Event: 7350.590 GC heap before
{Heap before GC invocations=44 (full 5):
 PSYoungGen      total 296960K, used 283936K [0x00000000e0000000, 0x00000000f4d00000, 0x0000000100000000)
  eden space 272384K, 100% used [0x00000000e0000000,0x00000000f0a00000,0x00000000f0a00000)
  from space 24576K, 47% used [0x00000000f3500000,0x00000000f4048158,0x00000000f4d00000)
  to   space 34304K, 0% used [0x00000000f0a00000,0x00000000f0a00000,0x00000000f2b80000)
 ParOldGen       total 256512K, used 81756K [0x00000000a0000000, 0x00000000afa80000, 0x00000000e0000000)
  object space 256512K, 31% used [0x00000000a0000000,0x00000000a4fd7330,0x00000000afa80000)
 Metaspace       used 102735K, capacity 110184K, committed 110336K, reserved 1144832K
  class space    used 13299K, capacity 14730K, committed 14848K, reserved 1048576K
Event: 7350.732 GC heap after
Heap after GC invocations=44 (full 5):
 PSYoungGen      total 306688K, used 34280K [0x00000000e0000000, 0x00000000f4d00000, 0x0000000100000000)
  eden space 272384K, 0% used [0x00000000e0000000,0x00000000e0000000,0x00000000f0a00000)
  from space 34304K, 99% used [0x00000000f0a00000,0x00000000f2b7a208,0x00000000f2b80000)
  to   space 24576K, 0% used [0x00000000f3500000,0x00000000f3500000,0x00000000f4d00000)
 ParOldGen       total 256512K, used 99568K [0x00000000a0000000, 0x00000000afa80000, 0x00000000e0000000)
  object space 256512K, 38% used [0x00000000a0000000,0x00000000a613c030,0x00000000afa80000)
 Metaspace       used 102735K, capacity 110184K, committed 110336K, reserved 1144832K
  class space    used 13299K, capacity 14730K, committed 14848K, reserved 1048576K
}
Event: 9473.023 GC heap before
{Heap before GC invocations=45 (full 5):
 PSYoungGen      total 306688K, used 306660K [0x00000000e0000000, 0x00000000f4d00000, 0x0000000100000000)
  eden space 272384K, 99% used [0x00000000e0000000,0x00000000f09feff0,0x00000000f0a00000)
  from space 34304K, 99% used [0x00000000f0a00000,0x00000000f2b7a208,0x00000000f2b80000)
  to   space 24576K, 0% used [0x00000000f3500000,0x00000000f3500000,0x00000000f4d00000)
 ParOldGen       total 256512K, used 99568K [0x00000000a0000000, 0x00000000afa80000, 0x00000000e0000000)
  object space 256512K, 38% used [0x00000000a0000000,0x00000000a613c030,0x00000000afa80000)
 Metaspace       used 102783K, capacity 110218K, committed 110336K, reserved 1144832K
  class space    used 13301K, capacity 14735K, committed 14848K, reserved 1048576K
Event: 9473.060 GC heap after
Heap after GC invocations=45 (full 5):
 PSYoungGen      total 288256K, used 24550K [0x00000000e0000000, 0x00000000f5a80000, 0x0000000100000000)
  eden space 263680K, 0% used [0x00000000e0000000,0x00000000e0000000,0x00000000f0180000)
  from space 24576K, 99% used [0x00000000f3500000,0x00000000f4cf9b40,0x00000000f4d00000)
  to   space 45568K, 0% used [0x00000000f0180000,0x00000000f0180000,0x00000000f2e00000)
 ParOldGen       total 256512K, used 101512K [0x00000000a0000000, 0x00000000afa80000, 0x00000000e0000000)
  object space 256512K, 39% used [0x00000000a0000000,0x00000000a63222c0,0x00000000afa80000)
 Metaspace       used 102783K, capacity 110218K, committed 110336K, reserved 1144832K
  class space    used 13301K, capacity 14735K, committed 14848K, reserved 1048576K
}
Event: 12842.384 GC heap before
{Heap before GC invocations=46 (full 5):
 PSYoungGen      total 288256K, used 288230K [0x00000000e0000000, 0x00000000f5a80000, 0x0000000100000000)
  eden space 263680K, 100% used [0x00000000e0000000,0x00000000f0180000,0x00000000f0180000)
  from space 24576K, 99% used [0x00000000f3500000,0x00000000f4cf9b40,0x00000000f4d00000)
  to   space 45568K, 0% used [0x00000000f0180000,0x00000000f0180000,0x00000000f2e00000)
 ParOldGen       total 256512K, used 101512K [0x00000000a0000000, 0x00000000afa80000, 0x00000000e0000000)
  object space 256512K, 39% used [0x00000000a0000000,0x00000000a63222c0,0x00000000afa80000)
 Metaspace       used 103136K, capacity 110730K, committed 110848K, reserved 1144832K
  class space    used 13327K, capacity 14775K, committed 14848K, reserved 1048576K
Event: 12842.478 GC heap after
Heap after GC invocations=46 (full 5):
 PSYoungGen      total 309248K, used 45554K [0x00000000e0000000, 0x00000000f5a80000, 0x0000000100000000)
  eden space 263680K, 0% used [0x00000000e0000000,0x00000000e0000000,0x00000000f0180000)
  from space 45568K, 99% used [0x00000000f0180000,0x00000000f2dfcb40,0x00000000f2e00000)
  to   space 24576K, 0% used [0x00000000f3500000,0x00000000f3500000,0x00000000f4d00000)
 ParOldGen       total 256512K, used 112762K [0x00000000a0000000, 0x00000000afa80000, 0x00000000e0000000)
  object space 256512K, 43% used [0x00000000a0000000,0x00000000a6e1e9f0,0x00000000afa80000)
 Metaspace       used 103136K, capacity 110730K, committed 110848K, reserved 1144832K
  class space    used 13327K, capacity 14775K, committed 14848K, reserved 1048576K
}
Event: 13018.702 GC heap before
{Heap before GC invocations=47 (full 5):
 PSYoungGen      total 309248K, used 309234K [0x00000000e0000000, 0x00000000f5a80000, 0x0000000100000000)
  eden space 263680K, 100% used [0x00000000e0000000,0x00000000f0180000,0x00000000f0180000)
  from space 45568K, 99% used [0x00000000f0180000,0x00000000f2dfcb40,0x00000000f2e00000)
  to   space 24576K, 0% used [0x00000000f3500000,0x00000000f3500000,0x00000000f4d00000)
 ParOldGen       total 256512K, used 112762K [0x00000000a0000000, 0x00000000afa80000, 0x00000000e0000000)
  object space 256512K, 43% used [0x00000000a0000000,0x00000000a6e1e9f0,0x00000000afa80000)
 Metaspace       used 103170K, capacity 110800K, committed 111104K, reserved 1144832K
  class space    used 13327K, capacity 14776K, committed 14848K, reserved 1048576K
Event: 13018.807 GC heap after
Heap after GC invocations=47 (full 5):
 PSYoungGen      total 278528K, used 24544K [0x00000000e0000000, 0x00000000f7380000, 0x0000000100000000)
  eden space 253952K, 0% used [0x00000000e0000000,0x00000000e0000000,0x00000000ef800000)
  from space 24576K, 99% used [0x00000000f3500000,0x00000000f4cf8020,0x00000000f4d00000)
  to   space 62464K, 0% used [0x00000000ef800000,0x00000000ef800000,0x00000000f3500000)
 ParOldGen       total 256512K, used 136887K [0x00000000a0000000, 0x00000000afa80000, 0x00000000e0000000)
  object space 256512K, 53% used [0x00000000a0000000,0x00000000a85ade88,0x00000000afa80000)
 Metaspace       used 103170K, capacity 110800K, committed 111104K, reserved 1144832K
  class space    used 13327K, capacity 14776K, committed 14848K, reserved 1048576K
}
#
# There is insufficient memory for the Java Runtime Environment to continue.
# Native memory allocation (malloc) failed to allocate 214736 bytes for Chunk::new
# Possible reasons:
#   The system is out of physical RAM or swap space
#   The process is running with CompressedOops enabled, and the Java Heap may be blocking the growth of the native heap
# Possible solutions:
#   Reduce memory load on the system
#   Increase physical memory or swap space
#   Check if swap backing store is full
#   Decrease Java heap size (-Xmx/-Xms)
#   Decrease number of Java threads
#   Decrease Java thread stack sizes (-Xss)
#   Set larger code cache with -XX:ReservedCodeCacheSize=
#   JVM is running with Unscaled Compressed Oops mode in which the Java heap is
#     placed in the first 4GB address space. The Java Heap base address is the
#     maximum limit for the native heap growth. Please use -XX:HeapBaseMinAddress
#     to set the Java Heap base and to place the Java Heap above 4GB virtual address.
# This output file may be truncated or incomplete.
#
#  Out of Memory Error (allocation.cpp:389), pid=8348, tid=0x00000000000042e4
#
# JRE version: Java(TM) SE Runtime Environment (8.0_211-b12) (build 1.8.0_211-b12)
# Java VM: Java HotSpot(TM) 64-Bit Server VM (25.211-b12 mixed mode windows-amd64 compressed oops)
# Failed to write core dump. Minidumps are not enabled by default on client versions of Windows
#

---------------  T H R E A D  ---------------

Heap:
 PSYoungGen      total 278528K, used 168846K [0x00000000e0000000, 0x00000000f7380000, 0x0000000100000000)
  eden space 253952K, 56% used [0x00000000e0000000,0x00000000e8ceba98,0x00000000ef800000)
  from space 24576K, 99% used [0x00000000f3500000,0x00000000f4cf8020,0x00000000f4d00000)
  to   space 62464K, 0% used [0x00000000ef800000,0x00000000ef800000,0x00000000f3500000)
 ParOldGen       total 256512K, used 136887K [0x00000000a0000000, 0x00000000afa80000, 0x00000000e0000000)
  object space 256512K, 53% used [0x00000000a0000000,0x00000000a85ade88,0x00000000afa80000)
 Metaspace       used 103196K, capacity 110812K, committed 111104K, reserved 1144832K
  class space    used 13330K, capacity 14778K, committed 14848K, reserved 1048576K
GC Heap History (10 events):
Event: 7342.971 GC heap before
{Heap before GC invocations=43 (full 5):
 PSYoungGen      total 287744K, used 287328K [0x00000000e0000000, 0x00000000f5780000, 0x0000000100000000)
  eden space 281088K, 100% used [0x00000000e0000000,0x00000000f1280000,0x00000000f1280000)
  from space 6656K, 93% used [0x00000000f1b80000,0x00000000f21981f0,0x00000000f2200000)
  to   space 35328K, 0% used [0x00000000f3500000,0x00000000f3500000,0x00000000f5780000)
 ParOldGen       total 256512K, used 81668K [0x00000000a0000000, 0x00000000afa80000, 0x00000000e0000000)
  object space 256512K, 31% used [0x00000000a0000000,0x00000000a4fc1330,0x00000000afa80000)
 Metaspace       used 102414K, capacity 109792K, committed 109952K, reserved 1144832K
  class space    used 13273K, capacity 14686K, committed 14720K, reserved 1048576K
Event: 7342.994 GC heap after
Heap after GC invocations=43 (full 5):
 PSYoungGen      total 296960K, used 11552K [0x00000000e0000000, 0x00000000f4d00000, 0x0000000100000000)
  eden space 272384K, 0% used [0x00000000e0000000,0x00000000e0000000,0x00000000f0a00000)
  from space 24576K, 47% used [0x00000000f3500000,0x00000000f4048158,0x00000000f4d00000)
  to   space 34304K, 0% used [0x00000000f0a00000,0x00000000f0a00000,0x00000000f2b80000)
 ParOldGen       total 256512K, used 81756K [0x00000000a0000000, 0x00000000afa80000, 0x00000000e0000000)
  object space 256512K, 31% used [0x00000000a0000000,0x00000000a4fd7330,0x00000000afa80000)
 Metaspace       used 102414K, capacity 109792K, committed 109952K, reserved 1144832K
  class space    used 13273K, capacity 14686K, committed 14720K, reserved 1048576K
}
Event: 7350.590 GC heap before
{Heap before GC invocations=44 (full 5):
 PSYoungGen      total 296960K, used 283936K [0x00000000e0000000, 0x00000000f4d00000, 0x0000000100000000)
  eden space 272384K, 100% used [0x00000000e0000000,0x00000000f0a00000,0x00000000f0a00000)
  from space 24576K, 47% used [0x00000000f3500000,0x00000000f4048158,0x00000000f4d00000)
  to   space 34304K, 0% used [0x00000000f0a00000,0x00000000f0a00000,0x00000000f2b80000)
 ParOldGen       total 256512K, used 81756K [0x00000000a0000000, 0x00000000afa80000, 0x00000000e0000000)
  object space 256512K, 31% used [0x00000000a0000000,0x00000000a4fd7330,0x00000000afa80000)
 Metaspace       used 102735K, capacity 110184K, committed 110336K, reserved 1144832K
  class space    used 13299K, capacity 14730K, committed 14848K, reserved 1048576K
Event: 7350.732 GC heap after
Heap after GC invocations=44 (full 5):
 PSYoungGen      total 306688K, used 34280K [0x00000000e0000000, 0x00000000f4d00000, 0x0000000100000000)
  eden space 272384K, 0% used [0x00000000e0000000,0x00000000e0000000,0x00000000f0a00000)
  from space 34304K, 99% used [0x00000000f0a00000,0x00000000f2b7a208,0x00000000f2b80000)
  to   space 24576K, 0% used [0x00000000f3500000,0x00000000f3500000,0x00000000f4d00000)
 ParOldGen       total 256512K, used 99568K [0x00000000a0000000, 0x00000000afa80000, 0x00000000e0000000)
  object space 256512K, 38% used [0x00000000a0000000,0x00000000a613c030,0x00000000afa80000)
 Metaspace       used 102735K, capacity 110184K, committed 110336K, reserved 1144832K
  class space    used 13299K, capacity 14730K, committed 14848K, reserved 1048576K
}
Event: 9473.023 GC heap before
{Heap before GC invocations=45 (full 5):
 PSYoungGen      total 306688K, used 306660K [0x00000000e0000000, 0x00000000f4d00000, 0x0000000100000000)
  eden space 272384K, 99% used [0x00000000e0000000,0x00000000f09feff0,0x00000000f0a00000)
  from space 34304K, 99% used [0x00000000f0a00000,0x00000000f2b7a208,0x00000000f2b80000)
  to   space 24576K, 0% used [0x00000000f3500000,0x00000000f3500000,0x00000000f4d00000)
 ParOldGen       total 256512K, used 99568K [0x00000000a0000000, 0x00000000afa80000, 0x00000000e0000000)
  object space 256512K, 38% used [0x00000000a0000000,0x00000000a613c030,0x00000000afa80000)
 Metaspace       used 102783K, capacity 110218K, committed 110336K, reserved 1144832K
  class space    used 13301K, capacity 14735K, committed 14848K, reserved 1048576K
Event: 9473.060 GC heap after
Heap after GC invocations=45 (full 5):
 PSYoungGen      total 288256K, used 24550K [0x00000000e0000000, 0x00000000f5a80000, 0x0000000100000000)
  eden space 263680K, 0% used [0x00000000e0000000,0x00000000e0000000,0x00000000f0180000)
  from space 24576K, 99% used [0x00000000f3500000,0x00000000f4cf9b40,0x00000000f4d00000)
  to   space 45568K, 0% used [0x00000000f0180000,0x00000000f0180000,0x00000000f2e00000)
 ParOldGen       total 256512K, used 101512K [0x00000000a0000000, 0x00000000afa80000, 0x00000000e0000000)
  object space 256512K, 39% used [0x00000000a0000000,0x00000000a63222c0,0x00000000afa80000)
 Metaspace       used 102783K, capacity 110218K, committed 110336K, reserved 1144832K
  class space    used 13301K, capacity 14735K, committed 14848K, reserved 1048576K
}
Event: 12842.384 GC heap before
{Heap before GC invocations=46 (full 5):
 PSYoungGen      total 288256K, used 288230K [0x00000000e0000000, 0x00000000f5a80000, 0x0000000100000000)
  eden space 263680K, 100% used [0x00000000e0000000,0x00000000f0180000,0x00000000f0180000)
  from space 24576K, 99% used [0x00000000f3500000,0x00000000f4cf9b40,0x00000000f4d00000)
  to   space 45568K, 0% used [0x00000000f0180000,0x00000000f0180000,0x00000000f2e00000)
 ParOldGen       total 256512K, used 101512K [0x00000000a0000000, 0x00000000afa80000, 0x00000000e0000000)
  object space 256512K, 39% used [0x00000000a0000000,0x00000000a63222c0,0x00000000afa80000)
 Metaspace       used 103136K, capacity 110730K, committed 110848K, reserved 1144832K
  class space    used 13327K, capacity 14775K, committed 14848K, reserved 1048576K
Event: 12842.478 GC heap after
Heap after GC invocations=46 (full 5):
 PSYoungGen      total 309248K, used 45554K [0x00000000e0000000, 0x00000000f5a80000, 0x0000000100000000)
  eden space 263680K, 0% used [0x00000000e0000000,0x00000000e0000000,0x00000000f0180000)
  from space 45568K, 99% used [0x00000000f0180000,0x00000000f2dfcb40,0x00000000f2e00000)
  to   space 24576K, 0% used [0x00000000f3500000,0x00000000f3500000,0x00000000f4d00000)
 ParOldGen       total 256512K, used 112762K [0x00000000a0000000, 0x00000000afa80000, 0x00000000e0000000)
  object space 256512K, 43% used [0x00000000a0000000,0x00000000a6e1e9f0,0x00000000afa80000)
 Metaspace       used 103136K, capacity 110730K, committed 110848K, reserved 1144832K
  class space    used 13327K, capacity 14775K, committed 14848K, reserved 1048576K
}
Event: 13018.702 GC heap before
{Heap before GC invocations=47 (full 5):
 PSYoungGen      total 309248K, used 309234K [0x00000000e0000000, 0x00000000f5a80000, 0x0000000100000000)
  eden space 263680K, 100% used [0x00000000e0000000,0x00000000f0180000,0x00000000f0180000)
  from space 45568K, 99% used [0x00000000f0180000,0x00000000f2dfcb40,0x00000000f2e00000)
  to   space 24576K, 0% used [0x00000000f3500000,0x00000000f3500000,0x00000000f4d00000)
 ParOldGen       total 256512K, used 112762K [0x00000000a0000000, 0x00000000afa80000, 0x00000000e0000000)
  object space 256512K, 43% used [0x00000000a0000000,0x00000000a6e1e9f0,0x00000000afa80000)
 Metaspace       used 103170K, capacity 110800K, committed 111104K, reserved 1144832K
  class space    used 13327K, capacity 14776K, committed 14848K, reserved 1048576K
Event: 13018.807 GC heap after
Heap after GC invocations=47 (full 5):
 PSYoungGen      total 278528K, used 24544K [0x00000000e0000000, 0x00000000f7380000, 0x0000000100000000)
  eden space 253952K, 0% used [0x00000000e0000000,0x00000000e0000000,0x00000000ef800000)
  from space 24576K, 99% used [0x00000000f3500000,0x00000000f4cf8020,0x00000000f4d00000)
  to   space 62464K, 0% used [0x00000000ef800000,0x00000000ef800000,0x00000000f3500000)
 ParOldGen       total 256512K, used 136887K [0x00000000a0000000, 0x00000000afa80000, 0x00000000e0000000)
  object space 256512K, 53% used [0x00000000a0000000,0x00000000a85ade88,0x00000000afa80000)
 Metaspace       used 103170K, capacity 110800K, committed 111104K, reserved 1144832K
  class space    used 13327K, capacity 14776K, committed 14848K, reserved 1048576K
}

# JRE version: Java(TM) SE Runtime Environment (8.0_211-b12) (build 1.8.0_211-b12)
# Java VM: Java HotSpot(TM) 64-Bit Server VM (25.211-b12 mixed mode windows-amd64 compressed oops)
Heap:
 PSYoungGen      total 278528K, used 168846K [0x00000000e0000000, 0x00000000f7380000, 0x0000000100000000)
  eden space 253952K, 56% used [0x00000000e0000000,0x00000000e8ceba98,0x00000000ef800000)
  from space 24576K, 99% used [0x00000000f3500000,0x00000000f4cf8020,0x00000000f4d00000)
  to   space 62464K, 0% used [0x00000000ef800000,0x00000000ef800000,0x00000000f3500000)
 ParOldGen       total 256512K, used 136887K [0x00000000a0000000, 0x00000000afa80000, 0x00000000e0000000)
  object space 256512K, 53% used [0x00000000a0000000,0x00000000a85ade88,0x00000000afa80000)
 Metaspace       used 103196K, capacity 110812K, committed 111104K, reserved 1144832K
  class space    used 13330K, capacity 14778K, committed 14848K, reserved 1048576K
GC Heap History (10 events):
Event: 7342.971 GC heap before
{Heap before GC invocations=43 (full 5):
 PSYoungGen      total 287744K, used 287328K [0x00000000e0000000, 0x00000000f5780000, 0x0000000100000000)
  eden space 281088K, 100% used [0x00000000e0000000,0x00000000f1280000,0x00000000f1280000)
  from space 6656K, 93% used [0x00000000f1b80000,0x00000000f21981f0,0x00000000f2200000)
  to   space 35328K, 0% used [0x00000000f3500000,0x00000000f3500000,0x00000000f5780000)
 ParOldGen       total 256512K, used 81668K [0x00000000a0000000, 0x00000000afa80000, 0x00000000e0000000)
  object space 256512K, 31% used [0x00000000a0000000,0x00000000a4fc1330,0x00000000afa80000)
 Metaspace       used 102414K, capacity 109792K, committed 109952K, reserved 1144832K
  class space    used 13273K, capacity 14686K, committed 14720K, reserved 1048576K
Event: 7342.994 GC heap after
Heap after GC invocations=43 (full 5):
 PSYoungGen      total 296960K, used 11552K [0x00000000e0000000, 0x00000000f4d00000, 0x0000000100000000)
  eden space 272384K, 0% used [0x00000000e0000000,0x00000000e0000000,0x00000000f0a00000)
  from space 24576K, 47% used [0x00000000f3500000,0x00000000f4048158,0x00000000f4d00000)
  to   space 34304K, 0% used [0x00000000f0a00000,0x00000000f0a00000,0x00000000f2b80000)
 ParOldGen       total 256512K, used 81756K [0x00000000a0000000, 0x00000000afa80000, 0x00000000e0000000)
  object space 256512K, 31% used [0x00000000a0000000,0x00000000a4fd7330,0x00000000afa80000)
 Metaspace       used 102414K, capacity 109792K, committed 109952K, reserved 1144832K
  class space    used 13273K, capacity 14686K, committed 14720K, reserved 1048576K
}
Event: 7350.590 GC heap before
{Heap before GC invocations=44 (full 5):
 PSYoungGen      total 296960K, used 283936K [0x00000000e0000000, 0x00000000f4d00000, 0x0000000100000000)
  eden space 272384K, 100% used [0x00000000e0000000,0x00000000f0a00000,0x00000000f0a00000)
  from space 24576K, 47% used [0x00000000f3500000,0x00000000f4048158,0x00000000f4d00000)
  to   space 34304K, 0% used [0x00000000f0a00000,0x00000000f0a00000,0x00000000f2b80000)
 ParOldGen       total 256512K, used 81756K [0x00000000a0000000, 0x00000000afa80000, 0x00000000e0000000)
  object space 256512K, 31% used [0x00000000a0000000,0x00000000a4fd7330,0x00000000afa80000)
 Metaspace       used 102735K, capacity 110184K, committed 110336K, reserved 1144832K
  class space    used 13299K, capacity 14730K, committed 14848K, reserved 1048576K
Event: 7350.732 GC heap after
Heap after GC invocations=44 (full 5):
 PSYoungGen      total 306688K, used 34280K [0x00000000e0000000, 0x00000000f4d00000, 0x0000000100000000)
  eden space 272384K, 0% used [0x00000000e0000000,0x00000000e0000000,0x00000000f0a00000)
  from space 34304K, 99% used [0x00000000f0a00000,0x00000000f2b7a208,0x00000000f2b80000)
  to   space 24576K, 0% used [0x00000000f3500000,0x00000000f3500000,0x00000000f4d00000)
 ParOldGen       total 256512K, used 99568K [0x00000000a0000000, 0x00000000afa80000, 0x00000000e0000000)
  object space 256512K, 38% used [0x00000000a0000000,0x00000000a613c030,0x00000000afa80000)
 Metaspace       used 102735K, capacity 110184K, committed 110336K, reserved 1144832K
  class space    used 13299K, capacity 14730K, committed 14848K, reserved 1048576K
}
Event: 9473.023 GC heap before
{Heap before GC invocations=45 (full 5):
 PSYoungGen      total 306688K, used 306660K [0x00000000e0000000, 0x00000000f4d00000, 0x0000000100000000)
  eden space 272384K, 99% used [0x00000000e0000000,0x00000000f09feff0,0x00000000f0a00000)
  from space 34304K, 99% used [0x00000000f0a00000,0x00000000f2b7a208,0x00000000f2b80000)
  to   space 24576K, 0% used [0x00000000f3500000,0x00000000f3500000,0x00000000f4d00000)
 ParOldGen       total 256512K, used 99568K [0x00000000a0000000, 0x00000000afa80000, 0x00000000e0000000)
  object space 256512K, 38% used [0x00000000a0000000,0x00000000a613c030,0x00000000afa80000)
 Metaspace       used 102783K, capacity 110218K, committed 110336K, reserved 1144832K
  class space    used 13301K, capacity 14735K, committed 14848K, reserved 1048576K
Event: 9473.060 GC heap after
Heap after GC invocations=45 (full 5):
 PSYoungGen      total 288256K, used 24550K [0x00000000e0000000, 0x00000000f5a80000, 0x0000000100000000)
  eden space 263680K, 0% used [0x00000000e0000000,0x00000000e0000000,0x00000000f0180000)
  from space 24576K, 99% used [0x00000000f3500000,0x00000000f4cf9b40,0x00000000f4d00000)
  to   space 45568K, 0% used [0x00000000f0180000,0x00000000f0180000,0x00000000f2e00000)
 ParOldGen       total 256512K, used 101512K [0x00000000a0000000, 0x00000000afa80000, 0x00000000e0000000)
  object space 256512K, 39% used [0x00000000a0000000,0x00000000a63222c0,0x00000000afa80000)
 Metaspace       used 102783K, capacity 110218K, committed 110336K, reserved 1144832K
  class space    used 13301K, capacity 14735K, committed 14848K, reserved 1048576K
}
Event: 12842.384 GC heap before
{Heap before GC invocations=46 (full 5):
 PSYoungGen      total 288256K, used 288230K [0x00000000e0000000, 0x00000000f5a80000, 0x0000000100000000)
  eden space 263680K, 100% used [0x00000000e0000000,0x00000000f0180000,0x00000000f0180000)
  from space 24576K, 99% used [0x00000000f3500000,0x00000000f4cf9b40,0x00000000f4d00000)
  to   space 45568K, 0% used [0x00000000f0180000,0x00000000f0180000,0x00000000f2e00000)
 ParOldGen       total 256512K, used 101512K [0x00000000a0000000, 0x00000000afa80000, 0x00000000e0000000)
  object space 256512K, 39% used [0x00000000a0000000,0x00000000a63222c0,0x00000000afa80000)
 Metaspace       used 103136K, capacity 110730K, committed 110848K, reserved 1144832K
  class space    used 13327K, capacity 14775K, committed 14848K, reserved 1048576K
Event: 12842.478 GC heap after
Heap after GC invocations=46 (full 5):
 PSYoungGen      total 309248K, used 45554K [0x00000000e0000000, 0x00000000f5a80000, 0x0000000100000000)
  eden space 263680K, 0% used [0x00000000e0000000,0x00000000e0000000,0x00000000f0180000)
  from space 45568K, 99% used [0x00000000f0180000,0x00000000f2dfcb40,0x00000000f2e00000)
  to   space 24576K, 0% used [0x00000000f3500000,0x00000000f3500000,0x00000000f4d00000)
 ParOldGen       total 256512K, used 112762K [0x00000000a0000000, 0x00000000afa80000, 0x00000000e0000000)
  object space 256512K, 43% used [0x00000000a0000000,0x00000000a6e1e9f0,0x00000000afa80000)
 Metaspace       used 103136K, capacity 110730K, committed 110848K, reserved 1144832K
  class space    used 13327K, capacity 14775K, committed 14848K, reserved 1048576K
}
Event: 13018.702 GC heap before
{Heap before GC invocations=47 (full 5):
 PSYoungGen      total 309248K, used 309234K [0x00000000e0000000, 0x00000000f5a80000, 0x0000000100000000)
  eden space 263680K, 100% used [0x00000000e0000000,0x00000000f0180000,0x00000000f0180000)
  from space 45568K, 99% used [0x00000000f0180000,0x00000000f2dfcb40,0x00000000f2e00000)
  to   space 24576K, 0% used [0x00000000f3500000,0x00000000f3500000,0x00000000f4d00000)
 ParOldGen       total 256512K, used 112762K [0x00000000a0000000, 0x00000000afa80000, 0x00000000e0000000)
  object space 256512K, 43% used [0x00000000a0000000,0x00000000a6e1e9f0,0x00000000afa80000)
 Metaspace       used 103170K, capacity 110800K, committed 111104K, reserved 1144832K
  class space    used 13327K, capacity 14776K, committed 14848K, reserved 1048576K
Event: 13018.807 GC heap after
Heap after GC invocations=47 (full 5):
 PSYoungGen      total 278528K, used 24544K [0x00000000e0000000, 0x00000000f7380000, 0x0000000100000000)
  eden space 253952K, 0% used [0x00000000e0000000,0x00000000e0000000,0x00000000ef800000)
  from space 24576K, 99% used [0x00000000f3500000,0x00000000f4cf8020,0x00000000f4d00000)
  to   space 62464K, 0% used [0x00000000ef800000,0x00000000ef800000,0x00000000f3500000)
 ParOldGen       total 256512K, used 136887K [0x00000000a0000000, 0x00000000afa80000, 0x00000000e0000000)
  object space 256512K, 53% used [0x00000000a0000000,0x00000000a85ade88,0x00000000afa80000)
 Metaspace       used 103170K, capacity 110800K, committed 111104K, reserved 1144832K
  class space    used 13327K, capacity 14776K, committed 14848K, reserved 1048576K
}

# JRE version: Java(TM) SE Runtime Environment (8.0_211-b12) (build 1.8.0_211-b12)
# Java VM: Java HotSpot(TM) 64-Bit Server VM (25.211-b12 mixed mode windows-amd64 compressed oops)
Heap:
 PSYoungGen      total 278528K, used 168846K [0x00000000e0000000, 0x00000000f7380000, 0x0000000100000000)
  eden space 253952K, 56% used [0x00000000e0000000,0x00000000e8ceba98,0x00000000ef800000)
  from space 24576K, 99% used [0x00000000f3500000,0x00000000f4cf8020,0x00000000f4d00000)
  to   space 62464K, 0% used [0x00000000ef800000,0x00000000ef800000,0x00000000f3500000)
 ParOldGen       total 256512K, used 136887K [0x00000000a0000000, 0x00000000afa80000, 0x00000000e0000000)
  object space 256512K, 53% used [0x00000000a0000000,0x00000000a85ade88,0x00000000afa80000)
 Metaspace       used 103196K, capacity 110812K, committed 111104K, reserved 1144832K
  class space    used 13330K, capacity 14778K, committed 14848K, reserved 1048576K
GC Heap History (10 events):
Event: 7342.971 GC heap before
{Heap before GC invocations=43 (full 5):
 PSYoungGen      total 287744K, used 287328K [0x00000000e0000000, 0x00000000f5780000, 0x0000000100000000)
  eden space 281088K, 100% used [0x00000000e0000000,0x00000000f1280000,0x00000000f1280000)
  from space 6656K, 93% used [0x00000000f1b80000,0x00000000f21981f0,0x00000000f2200000)
  to   space 35328K, 0% used [0x00000000f3500000,0x00000000f3500000,0x00000000f5780000)
 ParOldGen       total 256512K, used 81668K [0x00000000a0000000, 0x00000000afa80000, 0x00000000e0000000)
  object space 256512K, 31% used [0x00000000a0000000,0x00000000a4fc1330,0x00000000afa80000)
 Metaspace       used 102414K, capacity 109792K, committed 109952K, reserved 1144832K
  class space    used 13273K, capacity 14686K, committed 14720K, reserved 1048576K
Event: 7342.994 GC heap after
Heap after GC invocations=43 (full 5):
 PSYoungGen      total 296960K, used 11552K [0x00000000e0000000, 0x00000000f4d00000, 0x0000000100000000)
  eden space 272384K, 0% used [0x00000000e0000000,0x00000000e0000000,0x00000000f0a00000)
  from space 24576K, 47% used [0x00000000f3500000,0x00000000f4048158,0x00000000f4d00000)
  to   space 34304K, 0% used [0x00000000f0a00000,0x00000000f0a00000,0x00000000f2b80000)
 ParOldGen       total 256512K, used 81756K [0x00000000a0000000, 0x00000000afa80000, 0x00000000e0000000)
  object space 256512K, 31% used [0x00000000a0000000,0x00000000a4fd7330,0x00000000afa80000)
 Metaspace       used 102414K, capacity 109792K, committed 109952K, reserved 1144832K
  class space    used 13273K, capacity 14686K, committed 14720K, reserved 1048576K
}
Event: 7350.590 GC heap before
{Heap before GC invocations=44 (full 5):
 PSYoungGen      total 296960K, used 283936K [0x00000000e0000000, 0x00000000f4d00000, 0x0000000100000000)
  eden space 272384K, 100% used [0x00000000e0000000,0x00000000f0a00000,0x00000000f0a00000)
  from space 24576K, 47% used [0x00000000f3500000,0x00000000f4048158,0x00000000f4d00000)
  to   space 34304K, 0% used [0x00000000f0a00000,0x00000000f0a00000,0x00000000f2b80000)
 ParOldGen       total 256512K, used 81756K [0x00000000a0000000, 0x00000000afa80000, 0x00000000e0000000)
  object space 256512K, 31% used [0x00000000a0000000,0x00000000a4fd7330,0x00000000afa80000)
 Metaspace       used 102735K, capacity 110184K, committed 110336K, reserved 1144832K
  class space    used 13299K, capacity 14730K, committed 14848K, reserved 1048576K
Event: 7350.732 GC heap after
Heap after GC invocations=44 (full 5):
 PSYoungGen      total 306688K, used 34280K [0x00000000e0000000, 0x00000000f4d00000, 0x0000000100000000)
  eden space 272384K, 0% used [0x00000000e0000000,0x00000000e0000000,0x00000000f0a00000)
  from space 34304K, 99% used [0x00000000f0a00000,0x00000000f2b7a208,0x00000000f2b80000)
  to   space 24576K, 0% used [0x00000000f3500000,0x00000000f3500000,0x00000000f4d00000)
 ParOldGen       total 256512K, used 99568K [0x00000000a0000000, 0x00000000afa80000, 0x00000000e0000000)
  object space 256512K, 38% used [0x00000000a0000000,0x00000000a613c030,0x00000000afa80000)
 Metaspace       used 102735K, capacity 110184K, committed 110336K, reserved 1144832K
  class space    used 13299K, capacity 14730K, committed 14848K, reserved 1048576K
}
Event: 9473.023 GC heap before
{Heap before GC invocations=45 (full 5):
 PSYoungGen      total 306688K, used 306660K [0x00000000e0000000, 0x00000000f4d00000, 0x0000000100000000)
  eden space 272384K, 99% used [0x00000000e0000000,0x00000000f09feff0,0x00000000f0a00000)
  from space 34304K, 99% used [0x00000000f0a00000,0x00000000f2b7a208,0x00000000f2b80000)
  to   space 24576K, 0% used [0x00000000f3500000,0x00000000f3500000,0x00000000f4d00000)
 ParOldGen       total 256512K, used 99568K [0x00000000a0000000, 0x00000000afa80000, 0x00000000e0000000)
  object space 256512K, 38% used [0x00000000a0000000,0x00000000a613c030,0x00000000afa80000)
 Metaspace       used 102783K, capacity 110218K, committed 110336K, reserved 1144832K
  class space    used 13301K, capacity 14735K, committed 14848K, reserved 1048576K
Event: 9473.060 GC heap after
Heap after GC invocations=45 (full 5):
 PSYoungGen      total 288256K, used 24550K [0x00000000e0000000, 0x00000000f5a80000, 0x0000000100000000)
  eden space 263680K, 0% used [0x00000000e0000000,0x00000000e0000000,0x00000000f0180000)
  from space 24576K, 99% used [0x00000000f3500000,0x00000000f4cf9b40,0x00000000f4d00000)
  to   space 45568K, 0% used [0x00000000f0180000,0x00000000f0180000,0x00000000f2e00000)
 ParOldGen       total 256512K, used 101512K [0x00000000a0000000, 0x00000000afa80000, 0x00000000e0000000)
  object space 256512K, 39% used [0x00000000a0000000,0x00000000a63222c0,0x00000000afa80000)
 Metaspace       used 102783K, capacity 110218K, committed 110336K, reserved 1144832K
  class space    used 13301K, capacity 14735K, committed 14848K, reserved 1048576K
}
Event: 12842.384 GC heap before
{Heap before GC invocations=46 (full 5):
 PSYoungGen      total 288256K, used 288230K [0x00000000e0000000, 0x00000000f5a80000, 0x0000000100000000)
  eden space 263680K, 100% used [0x00000000e0000000,0x00000000f0180000,0x00000000f0180000)
  from space 24576K, 99% used [0x00000000f3500000,0x00000000f4cf9b40,0x00000000f4d00000)
  to   space 45568K, 0% used [0x00000000f0180000,0x00000000f0180000,0x00000000f2e00000)
 ParOldGen       total 256512K, used 101512K [0x00000000a0000000, 0x00000000afa80000, 0x00000000e0000000)
  object space 256512K, 39% used [0x00000000a0000000,0x00000000a63222c0,0x00000000afa80000)
 Metaspace       used 103136K, capacity 110730K, committed 110848K, reserved 1144832K
  class space    used 13327K, capacity 14775K, committed 14848K, reserved 1048576K
Event: 12842.478 GC heap after
Heap after GC invocations=46 (full 5):
 PSYoungGen      total 309248K, used 45554K [0x00000000e0000000, 0x00000000f5a80000, 0x0000000100000000)
  eden space 263680K, 0% used [0x00000000e0000000,0x00000000e0000000,0x00000000f0180000)
  from space 45568K, 99% used [0x00000000f0180000,0x00000000f2dfcb40,0x00000000f2e00000)
  to   space 24576K, 0% used [0x00000000f3500000,0x00000000f3500000,0x00000000f4d00000)
 ParOldGen       total 256512K, used 112762K [0x00000000a0000000, 0x00000000afa80000, 0x00000000e0000000)
  object space 256512K, 43% used [0x00000000a0000000,0x00000000a6e1e9f0,0x00000000afa80000)
 Metaspace       used 103136K, capacity 110730K, committed 110848K, reserved 1144832K
  class space    used 13327K, capacity 14775K, committed 14848K, reserved 1048576K
}
Event: 13018.702 GC heap before
{Heap before GC invocations=47 (full 5):
 PSYoungGen      total 309248K, used 309234K [0x00000000e0000000, 0x00000000f5a80000, 0x0000000100000000)
  eden space 263680K, 100% used [0x00000000e0000000,0x00000000f0180000,0x00000000f0180000)
  from space 45568K, 99% used [0x00000000f0180000,0x00000000f2dfcb40,0x00000000f2e00000)
  to   space 24576K, 0% used [0x00000000f3500000,0x00000000f3500000,0x00000000f4d00000)
 ParOldGen       total 256512K, used 112762K [0x00000000a0000000, 0x00000000afa80000, 0x00000000e0000000)
  object space 256512K, 43% used [0x00000000a0000000,0x00000000a6e1e9f0,0x00000000afa80000)
 Metaspace       used 103170K, capacity 110800K, committed 111104K, reserved 1144832K
  class space    used 13327K, capacity 14776K, committed 14848K, reserved 1048576K
Event: 13018.807 GC heap after
Heap after GC invocations=47 (full 5):
 PSYoungGen      total 278528K, used 24544K [0x00000000e0000000, 0x00000000f7380000, 0x0000000100000000)
  eden space 253952K, 0% used [0x00000000e0000000,0x00000000e0000000,0x00000000ef800000)
  from space 24576K, 99% used [0x00000000f3500000,0x00000000f4cf8020,0x00000000f4d00000)
  to   space 62464K, 0% used [0x00000000ef800000,0x00000000ef800000,0x00000000f3500000)
 ParOldGen       total 256512K, used 136887K [0x00000000a0000000, 0x00000000afa80000, 0x00000000e0000000)
  object space 256512K, 53% used [0x00000000a0000000,0x00000000a85ade88,0x00000000afa80000)
 Metaspace       used 103170K, capacity 110800K, committed 111104K, reserved 1144832K
  class space    used 13327K, capacity 14776K, committed 14848K, reserved 1048576K
}

